{"C:\\Users\\FX706\\Desktop\\GreenCard\\backend\\server-get.js": {"path":"C:\\Users\\FX706\\Desktop\\GreenCard\\backend\\server-get.js","statementMap":{"0":{"start":{"line":3,"column":21},"end":{"line":3,"column":34}},"1":{"start":{"line":4,"column":22},"end":{"line":4,"column":37}},"2":{"start":{"line":5,"column":22},"end":{"line":5,"column":41}},"3":{"start":{"line":7,"column":21},"end":{"line":7,"column":42}},"4":{"start":{"line":8,"column":18},"end":{"line":8,"column":73}},"5":{"start":{"line":9,"column":0},"end":{"line":19,"column":1}},"6":{"start":{"line":12,"column":20},"end":{"line":12,"column":64}},"7":{"start":{"line":15,"column":4},"end":{"line":15,"column":18}}},"fnMap":{"0":{"name":"(anonymous_0)","decl":{"start":{"line":9,"column":17},"end":{"line":9,"column":18}},"loc":{"start":{"line":9,"column":29},"end":{"line":19,"column":1}},"line":9}},"branchMap":{},"s":{"0":1,"1":1,"2":1,"3":1,"4":1,"5":1,"6":0,"7":0},"f":{"0":0},"b":{},"_coverageSchema":"1a1c01bbd47fc00a2c39e90264f33305004495a9","hash":"93a5470c813c529e295d50ef1011cb22468de294"}
,"C:\\Users\\FX706\\Desktop\\GreenCard\\backend\\server.js": {"path":"C:\\Users\\FX706\\Desktop\\GreenCard\\backend\\server.js","statementMap":{"0":{"start":{"line":6,"column":16},"end":{"line":6,"column":34}},"1":{"start":{"line":7,"column":17},"end":{"line":7,"column":36}},"2":{"start":{"line":8,"column":13},"end":{"line":8,"column":28}},"3":{"start":{"line":9,"column":0},"end":{"line":9,"column":55}},"4":{"start":{"line":11,"column":12},"end":{"line":11,"column":21}},"5":{"start":{"line":12,"column":13},"end":{"line":12,"column":37}},"6":{"start":{"line":14,"column":0},"end":{"line":14,"column":48}},"7":{"start":{"line":15,"column":0},"end":{"line":15,"column":49}},"8":{"start":{"line":18,"column":0},"end":{"line":18,"column":15}},"9":{"start":{"line":19,"column":0},"end":{"line":19,"column":23}},"10":{"start":{"line":20,"column":0},"end":{"line":20,"column":47}},"11":{"start":{"line":23,"column":27},"end":{"line":23,"column":53}},"12":{"start":{"line":26,"column":19},"end":{"line":26,"column":43}},"13":{"start":{"line":27,"column":22},"end":{"line":27,"column":50}},"14":{"start":{"line":28,"column":25},"end":{"line":28,"column":56}},"15":{"start":{"line":31,"column":0},"end":{"line":34,"column":2}},"16":{"start":{"line":32,"column":22},"end":{"line":32,"column":48}},"17":{"start":{"line":33,"column":4},"end":{"line":33,"column":23}},"18":{"start":{"line":35,"column":0},"end":{"line":35,"column":32}},"19":{"start":{"line":36,"column":0},"end":{"line":36,"column":39}},"20":{"start":{"line":37,"column":0},"end":{"line":37,"column":45}},"21":{"start":{"line":52,"column":0},"end":{"line":64,"column":2}},"22":{"start":{"line":56,"column":4},"end":{"line":56,"column":39}},"23":{"start":{"line":58,"column":19},"end":{"line":60,"column":6}},"24":{"start":{"line":59,"column":8},"end":{"line":59,"column":68}},"25":{"start":{"line":61,"column":4},"end":{"line":61,"column":36}},"26":{"start":{"line":63,"column":4},"end":{"line":63,"column":42}},"27":{"start":{"line":66,"column":13},"end":{"line":66,"column":37}},"28":{"start":{"line":69,"column":17},"end":{"line":74,"column":6}},"29":{"start":{"line":76,"column":4},"end":{"line":81,"column":5}},"30":{"start":{"line":77,"column":8},"end":{"line":77,"column":25}},"31":{"start":{"line":78,"column":8},"end":{"line":78,"column":49}},"32":{"start":{"line":80,"column":8},"end":{"line":80,"column":62}}},"fnMap":{"0":{"name":"(anonymous_0)","decl":{"start":{"line":31,"column":13},"end":{"line":31,"column":14}},"loc":{"start":{"line":31,"column":33},"end":{"line":34,"column":1}},"line":31},"1":{"name":"(anonymous_1)","decl":{"start":{"line":55,"column":8},"end":{"line":55,"column":9}},"loc":{"start":{"line":55,"column":14},"end":{"line":62,"column":1}},"line":55},"2":{"name":"(anonymous_2)","decl":{"start":{"line":58,"column":36},"end":{"line":58,"column":37}},"loc":{"start":{"line":58,"column":42},"end":{"line":60,"column":5}},"line":58},"3":{"name":"(anonymous_3)","decl":{"start":{"line":62,"column":9},"end":{"line":62,"column":10}},"loc":{"start":{"line":62,"column":16},"end":{"line":64,"column":1}},"line":62},"4":{"name":"testCreationUtilisateur","decl":{"start":{"line":68,"column":15},"end":{"line":68,"column":38}},"loc":{"start":{"line":68,"column":41},"end":{"line":82,"column":1}},"line":68}},"branchMap":{"0":{"loc":{"start":{"line":12,"column":13},"end":{"line":12,"column":37}},"type":"binary-expr","locations":[{"start":{"line":12,"column":13},"end":{"line":12,"column":29}},{"start":{"line":12,"column":33},"end":{"line":12,"column":37}}],"line":12}},"s":{"0":1,"1":1,"2":1,"3":1,"4":1,"5":1,"6":1,"7":1,"8":1,"9":1,"10":1,"11":1,"12":1,"13":1,"14":1,"15":1,"16":0,"17":0,"18":1,"19":1,"20":1,"21":1,"22":0,"23":0,"24":0,"25":0,"26":1,"27":1,"28":0,"29":0,"30":0,"31":0,"32":0},"f":{"0":0,"1":0,"2":0,"3":1,"4":0},"b":{"0":[1,1]},"_coverageSchema":"1a1c01bbd47fc00a2c39e90264f33305004495a9","hash":"ef444f596355efc229844fad7818e81061d9d54f"}
,"C:\\Users\\FX706\\Desktop\\GreenCard\\backend\\models\\Product.js": {"path":"C:\\Users\\FX706\\Desktop\\GreenCard\\backend\\models\\Product.js","statementMap":{"0":{"start":{"line":1,"column":17},"end":{"line":1,"column":36}},"1":{"start":{"line":3,"column":22},"end":{"line":13,"column":2}},"2":{"start":{"line":15,"column":0},"end":{"line":15,"column":58}}},"fnMap":{},"branchMap":{},"s":{"0":1,"1":1,"2":1},"f":{},"b":{},"_coverageSchema":"1a1c01bbd47fc00a2c39e90264f33305004495a9","hash":"8fde8becec4b4fc1ee75f4977fe72085089b947c"}
,"C:\\Users\\FX706\\Desktop\\GreenCard\\backend\\models\\Producteur.js": {"path":"C:\\Users\\FX706\\Desktop\\GreenCard\\backend\\models\\Producteur.js","statementMap":{"0":{"start":{"line":1,"column":17},"end":{"line":1,"column":36}},"1":{"start":{"line":3,"column":25},"end":{"line":7,"column":2}},"2":{"start":{"line":9,"column":0},"end":{"line":9,"column":64}}},"fnMap":{},"branchMap":{},"s":{"0":1,"1":1,"2":1},"f":{},"b":{},"_coverageSchema":"1a1c01bbd47fc00a2c39e90264f33305004495a9","hash":"145f0d661fcd238ee476676d85c47b243b4db99b"}
,"C:\\Users\\FX706\\Desktop\\GreenCard\\backend\\models\\User.js": {"path":"C:\\Users\\FX706\\Desktop\\GreenCard\\backend\\models\\User.js","statementMap":{"0":{"start":{"line":1,"column":17},"end":{"line":1,"column":36}},"1":{"start":{"line":3,"column":19},"end":{"line":8,"column":2}},"2":{"start":{"line":10,"column":0},"end":{"line":10,"column":51}}},"fnMap":{},"branchMap":{},"s":{"0":1,"1":1,"2":1},"f":{},"b":{},"_coverageSchema":"1a1c01bbd47fc00a2c39e90264f33305004495a9","hash":"b4d518d1604aad39ed21b62f5f69a067a9800d25"}
,"C:\\Users\\FX706\\Desktop\\GreenCard\\backend\\routes\\auth.js": {"path":"C:\\Users\\FX706\\Desktop\\GreenCard\\backend\\routes\\auth.js","statementMap":{"0":{"start":{"line":1,"column":16},"end":{"line":1,"column":34}},"1":{"start":{"line":2,"column":15},"end":{"line":2,"column":31}},"2":{"start":{"line":3,"column":15},"end":{"line":3,"column":32}},"3":{"start":{"line":4,"column":12},"end":{"line":4,"column":35}},"4":{"start":{"line":5,"column":13},"end":{"line":5,"column":38}},"5":{"start":{"line":7,"column":19},"end":{"line":7,"column":56}},"6":{"start":{"line":10,"column":0},"end":{"line":12,"column":3}},"7":{"start":{"line":11,"column":4},"end":{"line":11,"column":61}},"8":{"start":{"line":15,"column":0},"end":{"line":46,"column":3}},"9":{"start":{"line":16,"column":48},"end":{"line":16,"column":56}},"10":{"start":{"line":18,"column":4},"end":{"line":45,"column":5}},"11":{"start":{"line":20,"column":29},"end":{"line":20,"column":61}},"12":{"start":{"line":21,"column":8},"end":{"line":23,"column":9}},"13":{"start":{"line":22,"column":12},"end":{"line":22,"column":84}},"14":{"start":{"line":26,"column":31},"end":{"line":26,"column":62}},"15":{"start":{"line":29,"column":24},"end":{"line":34,"column":10}},"16":{"start":{"line":36,"column":8},"end":{"line":36,"column":29}},"17":{"start":{"line":39,"column":22},"end":{"line":39,"column":112}},"18":{"start":{"line":41,"column":8},"end":{"line":41,"column":77}},"19":{"start":{"line":43,"column":8},"end":{"line":43,"column":64}},"20":{"start":{"line":44,"column":8},"end":{"line":44,"column":60}},"21":{"start":{"line":49,"column":0},"end":{"line":71,"column":3}},"22":{"start":{"line":50,"column":35},"end":{"line":50,"column":43}},"23":{"start":{"line":52,"column":4},"end":{"line":70,"column":5}},"24":{"start":{"line":53,"column":21},"end":{"line":53,"column":53}},"25":{"start":{"line":54,"column":8},"end":{"line":56,"column":9}},"26":{"start":{"line":55,"column":12},"end":{"line":55,"column":81}},"27":{"start":{"line":58,"column":24},"end":{"line":58,"column":69}},"28":{"start":{"line":59,"column":8},"end":{"line":61,"column":9}},"29":{"start":{"line":60,"column":12},"end":{"line":60,"column":81}},"30":{"start":{"line":64,"column":22},"end":{"line":64,"column":106}},"31":{"start":{"line":66,"column":8},"end":{"line":66,"column":60}},"32":{"start":{"line":68,"column":8},"end":{"line":68,"column":59}},"33":{"start":{"line":69,"column":8},"end":{"line":69,"column":60}},"34":{"start":{"line":73,"column":0},"end":{"line":73,"column":24}}},"fnMap":{"0":{"name":"(anonymous_0)","decl":{"start":{"line":10,"column":20},"end":{"line":10,"column":21}},"loc":{"start":{"line":10,"column":34},"end":{"line":12,"column":1}},"line":10},"1":{"name":"(anonymous_1)","decl":{"start":{"line":15,"column":25},"end":{"line":15,"column":26}},"loc":{"start":{"line":15,"column":45},"end":{"line":46,"column":1}},"line":15},"2":{"name":"(anonymous_2)","decl":{"start":{"line":49,"column":22},"end":{"line":49,"column":23}},"loc":{"start":{"line":49,"column":42},"end":{"line":71,"column":1}},"line":49}},"branchMap":{"0":{"loc":{"start":{"line":7,"column":19},"end":{"line":7,"column":56}},"type":"binary-expr","locations":[{"start":{"line":7,"column":19},"end":{"line":7,"column":41}},{"start":{"line":7,"column":45},"end":{"line":7,"column":56}}],"line":7},"1":{"loc":{"start":{"line":21,"column":8},"end":{"line":23,"column":9}},"type":"if","locations":[{"start":{"line":21,"column":8},"end":{"line":23,"column":9}},{"start":{},"end":{}}],"line":21},"2":{"loc":{"start":{"line":54,"column":8},"end":{"line":56,"column":9}},"type":"if","locations":[{"start":{"line":54,"column":8},"end":{"line":56,"column":9}},{"start":{},"end":{}}],"line":54},"3":{"loc":{"start":{"line":59,"column":8},"end":{"line":61,"column":9}},"type":"if","locations":[{"start":{"line":59,"column":8},"end":{"line":61,"column":9}},{"start":{},"end":{}}],"line":59}},"s":{"0":1,"1":1,"2":1,"3":1,"4":1,"5":1,"6":1,"7":0,"8":1,"9":0,"10":0,"11":0,"12":0,"13":0,"14":0,"15":0,"16":0,"17":0,"18":0,"19":0,"20":0,"21":1,"22":0,"23":0,"24":0,"25":0,"26":0,"27":0,"28":0,"29":0,"30":0,"31":0,"32":0,"33":0,"34":1},"f":{"0":0,"1":0,"2":0},"b":{"0":[1,1],"1":[0,0],"2":[0,0],"3":[0,0]},"_coverageSchema":"1a1c01bbd47fc00a2c39e90264f33305004495a9","hash":"3838440501f3884848305052abbb7f55891f4130"}
,"C:\\Users\\FX706\\Desktop\\GreenCard\\backend\\routes\\producteurs.js": {"path":"C:\\Users\\FX706\\Desktop\\GreenCard\\backend\\routes\\producteurs.js","statementMap":{"0":{"start":{"line":1,"column":16},"end":{"line":1,"column":34}},"1":{"start":{"line":2,"column":15},"end":{"line":2,"column":31}},"2":{"start":{"line":3,"column":19},"end":{"line":3,"column":50}},"3":{"start":{"line":6,"column":0},"end":{"line":13,"column":3}},"4":{"start":{"line":7,"column":2},"end":{"line":12,"column":3}},"5":{"start":{"line":8,"column":24},"end":{"line":8,"column":47}},"6":{"start":{"line":9,"column":4},"end":{"line":9,"column":26}},"7":{"start":{"line":11,"column":4},"end":{"line":11,"column":51}},"8":{"start":{"line":16,"column":0},"end":{"line":29,"column":3}},"9":{"start":{"line":17,"column":28},"end":{"line":21,"column":4}},"10":{"start":{"line":23,"column":2},"end":{"line":28,"column":3}},"11":{"start":{"line":24,"column":28},"end":{"line":24,"column":58}},"12":{"start":{"line":25,"column":4},"end":{"line":25,"column":42}},"13":{"start":{"line":27,"column":4},"end":{"line":27,"column":51}},"14":{"start":{"line":32,"column":0},"end":{"line":40,"column":3}},"15":{"start":{"line":33,"column":2},"end":{"line":39,"column":3}},"16":{"start":{"line":34,"column":23},"end":{"line":34,"column":63}},"17":{"start":{"line":35,"column":4},"end":{"line":35,"column":87}},"18":{"start":{"line":35,"column":21},"end":{"line":35,"column":87}},"19":{"start":{"line":36,"column":4},"end":{"line":36,"column":25}},"20":{"start":{"line":38,"column":4},"end":{"line":38,"column":51}},"21":{"start":{"line":43,"column":0},"end":{"line":59,"column":3}},"22":{"start":{"line":44,"column":2},"end":{"line":58,"column":3}},"23":{"start":{"line":45,"column":30},"end":{"line":53,"column":5}},"24":{"start":{"line":54,"column":4},"end":{"line":54,"column":94}},"25":{"start":{"line":54,"column":28},"end":{"line":54,"column":94}},"26":{"start":{"line":55,"column":4},"end":{"line":55,"column":32}},"27":{"start":{"line":57,"column":4},"end":{"line":57,"column":51}},"28":{"start":{"line":62,"column":0},"end":{"line":70,"column":3}},"29":{"start":{"line":63,"column":2},"end":{"line":69,"column":3}},"30":{"start":{"line":64,"column":20},"end":{"line":64,"column":69}},"31":{"start":{"line":65,"column":4},"end":{"line":65,"column":84}},"32":{"start":{"line":65,"column":18},"end":{"line":65,"column":84}},"33":{"start":{"line":66,"column":4},"end":{"line":66,"column":49}},"34":{"start":{"line":68,"column":4},"end":{"line":68,"column":51}},"35":{"start":{"line":72,"column":0},"end":{"line":72,"column":24}}},"fnMap":{"0":{"name":"(anonymous_0)","decl":{"start":{"line":6,"column":16},"end":{"line":6,"column":17}},"loc":{"start":{"line":6,"column":36},"end":{"line":13,"column":1}},"line":6},"1":{"name":"(anonymous_1)","decl":{"start":{"line":16,"column":17},"end":{"line":16,"column":18}},"loc":{"start":{"line":16,"column":37},"end":{"line":29,"column":1}},"line":16},"2":{"name":"(anonymous_2)","decl":{"start":{"line":32,"column":19},"end":{"line":32,"column":20}},"loc":{"start":{"line":32,"column":39},"end":{"line":40,"column":1}},"line":32},"3":{"name":"(anonymous_3)","decl":{"start":{"line":43,"column":19},"end":{"line":43,"column":20}},"loc":{"start":{"line":43,"column":39},"end":{"line":59,"column":1}},"line":43},"4":{"name":"(anonymous_4)","decl":{"start":{"line":62,"column":22},"end":{"line":62,"column":23}},"loc":{"start":{"line":62,"column":42},"end":{"line":70,"column":1}},"line":62}},"branchMap":{"0":{"loc":{"start":{"line":35,"column":4},"end":{"line":35,"column":87}},"type":"if","locations":[{"start":{"line":35,"column":4},"end":{"line":35,"column":87}},{"start":{},"end":{}}],"line":35},"1":{"loc":{"start":{"line":54,"column":4},"end":{"line":54,"column":94}},"type":"if","locations":[{"start":{"line":54,"column":4},"end":{"line":54,"column":94}},{"start":{},"end":{}}],"line":54},"2":{"loc":{"start":{"line":65,"column":4},"end":{"line":65,"column":84}},"type":"if","locations":[{"start":{"line":65,"column":4},"end":{"line":65,"column":84}},{"start":{},"end":{}}],"line":65}},"s":{"0":1,"1":1,"2":1,"3":1,"4":0,"5":0,"6":0,"7":0,"8":1,"9":0,"10":0,"11":0,"12":0,"13":0,"14":1,"15":0,"16":0,"17":0,"18":0,"19":0,"20":0,"21":1,"22":0,"23":0,"24":0,"25":0,"26":0,"27":0,"28":1,"29":0,"30":0,"31":0,"32":0,"33":0,"34":0,"35":1},"f":{"0":0,"1":0,"2":0,"3":0,"4":0},"b":{"0":[0,0],"1":[0,0],"2":[0,0]},"_coverageSchema":"1a1c01bbd47fc00a2c39e90264f33305004495a9","hash":"52b60e4888d6595e6ec9cdee56b5e9fc7a6ae025"}
,"C:\\Users\\FX706\\Desktop\\GreenCard\\backend\\routes\\products.js": {"path":"C:\\Users\\FX706\\Desktop\\GreenCard\\backend\\routes\\products.js","statementMap":{"0":{"start":{"line":1,"column":16},"end":{"line":1,"column":34}},"1":{"start":{"line":2,"column":15},"end":{"line":2,"column":31}},"2":{"start":{"line":3,"column":16},"end":{"line":3,"column":44}},"3":{"start":{"line":6,"column":0},"end":{"line":35,"column":3}},"4":{"start":{"line":7,"column":4},"end":{"line":34,"column":5}},"5":{"start":{"line":8,"column":92},"end":{"line":8,"column":101}},"6":{"start":{"line":10,"column":21},"end":{"line":10,"column":23}},"7":{"start":{"line":12,"column":8},"end":{"line":14,"column":9}},"8":{"start":{"line":13,"column":12},"end":{"line":13,"column":39}},"9":{"start":{"line":15,"column":8},"end":{"line":17,"column":9}},"10":{"start":{"line":16,"column":12},"end":{"line":16,"column":35}},"11":{"start":{"line":18,"column":8},"end":{"line":22,"column":9}},"12":{"start":{"line":19,"column":12},"end":{"line":19,"column":30}},"13":{"start":{"line":20,"column":12},"end":{"line":20,"column":63}},"14":{"start":{"line":20,"column":26},"end":{"line":20,"column":63}},"15":{"start":{"line":21,"column":12},"end":{"line":21,"column":63}},"16":{"start":{"line":21,"column":26},"end":{"line":21,"column":63}},"17":{"start":{"line":23,"column":8},"end":{"line":27,"column":9}},"18":{"start":{"line":24,"column":12},"end":{"line":24,"column":39}},"19":{"start":{"line":25,"column":12},"end":{"line":25,"column":90}},"20":{"start":{"line":25,"column":34},"end":{"line":25,"column":90}},"21":{"start":{"line":26,"column":12},"end":{"line":26,"column":88}},"22":{"start":{"line":26,"column":33},"end":{"line":26,"column":88}},"23":{"start":{"line":29,"column":25},"end":{"line":29,"column":51}},"24":{"start":{"line":30,"column":8},"end":{"line":30,"column":49}},"25":{"start":{"line":31,"column":8},"end":{"line":31,"column":27}},"26":{"start":{"line":33,"column":8},"end":{"line":33,"column":55}},"27":{"start":{"line":37,"column":0},"end":{"line":37,"column":24}}},"fnMap":{"0":{"name":"(anonymous_0)","decl":{"start":{"line":6,"column":16},"end":{"line":6,"column":17}},"loc":{"start":{"line":6,"column":36},"end":{"line":35,"column":1}},"line":6}},"branchMap":{"0":{"loc":{"start":{"line":12,"column":8},"end":{"line":14,"column":9}},"type":"if","locations":[{"start":{"line":12,"column":8},"end":{"line":14,"column":9}},{"start":{},"end":{}}],"line":12},"1":{"loc":{"start":{"line":15,"column":8},"end":{"line":17,"column":9}},"type":"if","locations":[{"start":{"line":15,"column":8},"end":{"line":17,"column":9}},{"start":{},"end":{}}],"line":15},"2":{"loc":{"start":{"line":18,"column":8},"end":{"line":22,"column":9}},"type":"if","locations":[{"start":{"line":18,"column":8},"end":{"line":22,"column":9}},{"start":{},"end":{}}],"line":18},"3":{"loc":{"start":{"line":18,"column":12},"end":{"line":18,"column":32}},"type":"binary-expr","locations":[{"start":{"line":18,"column":12},"end":{"line":18,"column":20}},{"start":{"line":18,"column":24},"end":{"line":18,"column":32}}],"line":18},"4":{"loc":{"start":{"line":20,"column":12},"end":{"line":20,"column":63}},"type":"if","locations":[{"start":{"line":20,"column":12},"end":{"line":20,"column":63}},{"start":{},"end":{}}],"line":20},"5":{"loc":{"start":{"line":21,"column":12},"end":{"line":21,"column":63}},"type":"if","locations":[{"start":{"line":21,"column":12},"end":{"line":21,"column":63}},{"start":{},"end":{}}],"line":21},"6":{"loc":{"start":{"line":23,"column":8},"end":{"line":27,"column":9}},"type":"if","locations":[{"start":{"line":23,"column":8},"end":{"line":27,"column":9}},{"start":{},"end":{}}],"line":23},"7":{"loc":{"start":{"line":23,"column":12},"end":{"line":23,"column":47}},"type":"binary-expr","locations":[{"start":{"line":23,"column":12},"end":{"line":23,"column":28}},{"start":{"line":23,"column":32},"end":{"line":23,"column":47}}],"line":23},"8":{"loc":{"start":{"line":25,"column":12},"end":{"line":25,"column":90}},"type":"if","locations":[{"start":{"line":25,"column":12},"end":{"line":25,"column":90}},{"start":{},"end":{}}],"line":25},"9":{"loc":{"start":{"line":26,"column":12},"end":{"line":26,"column":88}},"type":"if","locations":[{"start":{"line":26,"column":12},"end":{"line":26,"column":88}},{"start":{},"end":{}}],"line":26}},"s":{"0":1,"1":1,"2":1,"3":1,"4":0,"5":0,"6":0,"7":0,"8":0,"9":0,"10":0,"11":0,"12":0,"13":0,"14":0,"15":0,"16":0,"17":0,"18":0,"19":0,"20":0,"21":0,"22":0,"23":0,"24":0,"25":0,"26":0,"27":1},"f":{"0":0},"b":{"0":[0,0],"1":[0,0],"2":[0,0],"3":[0,0],"4":[0,0],"5":[0,0],"6":[0,0],"7":[0,0],"8":[0,0],"9":[0,0]},"_coverageSchema":"1a1c01bbd47fc00a2c39e90264f33305004495a9","hash":"b71d93925c1b73aaf4ee7de8e89dad9bfb658eee"}
}
